<HTML>
<TITLE>BLAST Search Results</TITLE>
<BODY BGCOLOR="#FFFFFF" LINK="#0000FF" VLINK="#660099" ALINK="#660099">
<PRE>
<b>BLASTN 2.2.25 [Feb-01-2011]</b>


<b><a href="http://www.ncbi.nlm.nih.gov/entrez/query.fcgi?db=PubMed&cmd=Retrieve&list_uids
=9254694&dopt=Citation">Reference</a>:</b>
Altschul, Stephen F., Thomas L. Madden, Alejandro A. Sch&auml;ffer, 
Jinghui Zhang, Zheng Zhang, Webb Miller, and David J. Lipman (1997), 
"Gapped BLAST and PSI-BLAST: a new generation of protein database search
programs",  Nucleic Acids Res. 25:3389-3402.

<b>Query=</b> 
         (28 letters)

<b>Database:</b> Piperpepdb 
           917 sequences; 64,130,830 total letters

Searching..................................................done

 ***** No hits found ******


<PRE>
  Database: Piperpepdb
    Posted date:  Jul 4, 2014  2:53 PM
  Number of letters in database: 64,130,830
  Number of sequences in database:  917
  
Lambda     K      H
    2.18    0.840     2.07 

Gapped
Lambda     K      H
    2.18    0.840     2.07 


Matrix: blastn matrix:1 -3
Gap Penalties: Existence: 5, Extension: 2
Number of Sequences: 917
Number of Hits to DB: 0
Number of sequences better than 10.0: 0
Number of HSP's gapped: 0
Number of HSP's successfully gapped: 0
Length of query: 28
Length of database: 64,130,830
Length adjustment: 10
Effective length of query: 18
Effective length of database: 64,121,660
Effective search space: 1154189880
Effective search space used: 1154189880
X1: 7 (22.0 bits)
X2: 9 (28.3 bits)
X3: 31 (97.6 bits)
S1: 9 (28.6 bits)
S2: 9 (28.6 bits)
</PRE>
</BODY>
</HTML>
